<?xml version="1.0" encoding="UTF-8"?>
<!-- Generated by org.testng.reporters.JUnitReportReporter -->
<testsuite hostname="DESKTOP-LF0B41U" failures="0" tests="1" name="facebook.FacebookLogin_Test" time="7.173" errors="0" timestamp="02 Aug 2022 06:31:01 GMT" skipped="0">
  <testcase classname="facebook.FacebookLogin_Test" name="login" time="7.173"/>
</testsuite> <!-- facebook.FacebookLogin_Test -->
